[debug] [2019-11-26T11:54:21.964Z] ----------------------------------------------------------------------
[debug] [2019-11-26T11:54:21.965Z] Command:       /usr/local/bin/node /usr/local/bin/firebase init functions
[debug] [2019-11-26T11:54:21.966Z] CLI Version:   7.7.0
[debug] [2019-11-26T11:54:21.966Z] Platform:      darwin
[debug] [2019-11-26T11:54:21.966Z] Node Version:  v10.16.3
[debug] [2019-11-26T11:54:22.025Z] Time:          Tue Nov 26 2019 18:54:21 GMT+0700 (Indochina Time)
[debug] [2019-11-26T11:54:22.025Z] ----------------------------------------------------------------------
[debug] [2019-11-26T11:54:22.025Z] 
[debug] [2019-11-26T11:54:22.069Z] > command requires scopes: ["email","openid","https://www.googleapis.com/auth/cloudplatformprojects.readonly","https://www.googleapis.com/auth/firebase","https://www.googleapis.com/auth/cloud-platform"]
[debug] [2019-11-26T11:54:22.069Z] > authorizing via signed-in user
[info] 
     ######## #### ########  ######## ########     ###     ######  ########
     ##        ##  ##     ## ##       ##     ##  ##   ##  ##       ##
     ######    ##  ########  ######   ########  #########  ######  ######
     ##        ##  ##    ##  ##       ##     ## ##     ##       ## ##
     ##       #### ##     ## ######## ########  ##     ##  ######  ########

You're about to initialize a Firebase project in this directory:

  /Users/tankhuu/Working/TanKhuu/SourceCode/GitHub/storelocation/utilities

[info] 
=== Project Setup
[info] 
[info] First, let's associate this project directory with a Firebase project.
[info] You can create multiple project aliases by running firebase use --add, 
[info] but for now we'll just set up a default project.
[info] 
